<?xml version="1.0" encoding="UTF-8"?>
<testng-results skipped="0" failed="0" ignored="0" total="1" passed="1">
  <reporter-output>
  </reporter-output>
  <suite name="Default suite" duration-ms="77" started-at="2019-04-06T04:08:43Z" finished-at="2019-04-06T04:08:43Z">
    <groups>
    </groups>
    <test name="Default test" duration-ms="77" started-at="2019-04-06T04:08:43Z" finished-at="2019-04-06T04:08:43Z">
      <class name="com.vwork.tests.TestCustomerGetResponse">
        <test-method status="PASS" signature="setup()[pri:0, instance:com.vwork.tests.TestCustomerGetResponse@4883b407]" name="setup" is-config="true" duration-ms="8" started-at="2019-04-06T04:08:43Z" finished-at="2019-04-06T04:08:43Z">
          <reporter-output>
          </reporter-output>
        </test-method> <!-- setup -->
        <test-method status="PASS" signature="getResponse()[pri:0, instance:com.vwork.tests.TestCustomerGetResponse@4883b407]" name="getResponse" duration-ms="14" started-at="2019-04-06T04:08:43Z" finished-at="2019-04-06T04:08:43Z">
          <reporter-output>
          </reporter-output>
        </test-method> <!-- getResponse -->
      </class> <!-- com.vwork.tests.TestCustomerGetResponse -->
    </test> <!-- Default test -->
  </suite> <!-- Default suite -->
</testng-results>
